adblockwebview/build/intermediates/manifest_merge_blame_file/debug/manifest-merger-blame-debug-report.txt
1<?xml version="1.0" encoding="utf-8"?>
2<manifest xmlns:android="http://schemas.android.com/apk/res/android"
3    package="com.amnix.adblockwebview"
4    android:versionCode="1"
5    android:versionName="1.0.0" >
6
7    <uses-sdk
8        android:minSdkVersion="14"
8-->src\main\AndroidManifest.xml
9        android:targetSdkVersion="29" />
9-->src\main\AndroidManifest.xml
10
11    <uses-permission android:name="android.permission.VIBRATE" />
11-->src\main\AndroidManifest.xml:4:5-66
11-->src\main\AndroidManifest.xml:4:22-63
12    <uses-permission android:name="android.permission.INTERNET" />
12-->src\main\AndroidManifest.xml:5:5-67
12-->src\main\AndroidManifest.xml:5:22-64
13    <uses-permission android:name="android.permission.WRITE_EXTERNAL_STORAGE" />
13-->src\main\AndroidManifest.xml:6:5-81
13-->src\main\AndroidManifest.xml:6:22-78
14    <uses-permission android:name="android.permission.READ_EXTERNAL_STORAGE" />
14-->src\main\AndroidManifest.xml:7:5-80
14-->src\main\AndroidManifest.xml:7:22-77
15    <uses-permission android:name="android.permission.DOWNLOAD_WITHOUT_NOTIFICATION" />
15-->src\main\AndroidManifest.xml:8:5-88
15-->src\main\AndroidManifest.xml:8:22-85
16
17    <application
17-->src\main\AndroidManifest.xml:10:5-18:19
18        android:allowBackup="true"
18-->src\main\AndroidManifest.xml:11:9-35
19        android:label="@string/app_name"
19-->src\main\AndroidManifest.xml:12:9-41
20        android:supportsRtl="true" >
20-->src\main\AndroidManifest.xml:13:9-35
21        <activity
21-->src\main\AndroidManifest.xml:14:9-17:62
22            android:name="com.amnix.adblockwebview.ui.AdBlocksWebViewActivity"
22-->src\main\AndroidManifest.xml:15:13-55
23            android:configChanges="orientation|screenSize"
23-->src\main\AndroidManifest.xml:17:13-59
24            android:theme="@style/Theme.AppCompat.Light.NoActionBar" />
24-->src\main\AndroidManifest.xml:16:13-69
25    </application>
26
27</manifest>